
* (load "rundump.lisp")
end of loading setting.lisp
end of loading setting.lisp
end of loading primitives.lisp
end of loadding stub.lisp
end of specials.lisp
end of loading setting.lisp
end of loading primitives.lisp

; file: /Users/shin/Projects/github/LispZone/cparry/utils.lisp
; in: DEFUN SHOWLIST
;     (SHOWTREE ELEM KEYS PREV)
; 
; caught STYLE-WARNING:
;   undefined function: SHOWTREE
; 
; compilation unit finished
;   Undefined function:
;     SHOWTREE
;   caught 1 STYLE-WARNING condition

; in: DEFUN SHOWTREE
;     (LAMBDANAME ATM)
; 
; caught STYLE-WARNING:
;   undefined function: LAMBDANAME
; 
; compilation unit finished
;   Undefined function:
;     LAMBDANAME
;   caught 1 STYLE-WARNING condition
end of rdata.lisp
end of loading pdatb.lisp
end of loading pmem.lisp
end of loading pmem5.lisp
end of loading pmem3.lisp
end of loading pmem4.lisp
end of loading setting.lisp
end of loading primitives.lisp
[FLARELIST]
 SETS       (RACKETSET GANGSTERSET PERSONSET CHEATSET BOOKIESET GAMBLERSET
             MONEYSET HORSERACINGSET POLICESET ITALIANSET HORSESET)
[RACKETSET]
 STORY      (@@0880)
 NREF       0
 NEXT       MAFIASET
 WT         17
 WORDS      (RACKETEERS CRIME)
[RACKETEERS]
 SET        RACKETSET
[CRIME]
 SET        RACKETSET
[GANGSTERSET]
 TYPE       SPECIFIC
 STORY      (@@0860 @@0860)
 NREF       0
 NEXT       BOOKIESET
 WT         15
 WORDS      (GANGSTERS HOOD)
[GANGSTERS]
 SET        GANGSTERSET
[HOOD]
 SET        GANGSTERSET
[PERSONSET]
 STORY      (@@0870 @@0870)
 NREF       0
 NEXT       GANGSTERSET
 WT         12
 WORDS      (ALIOTO MAFIO)
[ALIOTO]
 SET        PERSONSET
[MAFIO]
 SET        PERSONSET
[CHEATSET]
 STORY      (@@0900 @@0900)
 NREF       0
 NEXT       RACKETSET
 INDIR      T
 WT         10
 WORDS      (CHEATING CHEAT)
[CHEATING]
 SET        CHEATSET
[CHEAT]
 SET        CHEATSET
[BOOKIESET]
 TYPE       SPECIFIC
 STORY      (@@0920 @@0930)
 NREF       0
 NEXT       RACKETSET
 WT         9
 WORDS      (BOOKIES CROOK)
[BOOKIES]
 SET        BOOKIESET
[CROOK]
 SET        BOOKIESET
[GAMBLERSET]
 TYPE       SPECIFIC
 STORY      (@@0940 @@0940)
 NREF       0
 NEXT       HORSERACINGSET
 WT         7
 WORDS      (GAMBLING BET)
[GAMBLING]
 SET        GAMBLERSET
[BET]
 SET        GAMBLERSET
[MONEYSET]
 STORY      (@@0960 @@0960)
 NREF       0
 NEXT       GAMBLERSET
 INDIR      T
 WT         6
 WORDS      (MONEY)
[MONEY]
 SET        MONEYSET
[HORSERACINGSET]
 TYPE       SPECIFIC
 STORY      (@@0970 @@0972)
 NREF       0
 NEXT       BOOKIESET
 WT         5
 WORDS      (HORSERACING RACES)
[HORSERACING]
 SET        HORSERACINGSET
[RACES]
 SET        HORSERACINGSET
[POLICESET]
 TYPE       INSTITUTION
 STORY      (@@0980 @@0980)
 NREF       0
 NEXT       GANGSTERSET
 WT         4
 WORDS      (POLICE FUZZ)
[POLICE]
 SET        POLICESET
[FUZZ]
 SET        POLICESET
[ITALIANSET]
 TYPE       SPECIFIC
 STORY      (@@0990 @@0990)
 NREF       0
 NEXT       GANGSTERSET
 WT         3
 WORDS      (ITALIANS ITALY)
[ITALIANS]
 SET        ITALIANSET
[ITALY]
 SET        ITALIANSET
[HORSESET]
 TYPE       SPECIFIC
 STORY      (@@1000 @@1000)
 NREF       0
 NEXT       HORSERACINGSET
 WT         1
 WORDS      (HORSES HORSE)
[HORSES]
 SET        HORSESET
[HORSE]
 SET        HORSESET
[SENSITIVELIST]
 IND        @@3080
 SETS       (LOOKS SEXLIFE FAMILY EDUCATION RELIGION)
[LOOKS]
 TYPE       SPECIFIC
 SET        LOOKS
 WT         9
 WORDS      (LOOKS)
 SPECIAL    X
[SEXLIFE]
 TYPE       SPECIFIC
 SET        SEXLIFE
 STORY      (@@1690)
 WT         8
 WORDS      (SEXLIFE SEX GIRLS)
[SEX]
 SET        SEXLIFE
[GIRLS]
 SET        SEXLIFE
[FAMILY]
 TYPE       SPECIFIC
 SET        FAMILY
 STORY      (@@0730 @@0732)
 WT         6
 WORDS      (FAMILY DAD)
[DAD]
 SET        FAMILY
[EDUCATION]
 TYPE       SPECIFIC
 SET        EDUCATION
 STORY      (@@1540 @@1550)
 WT         4
 WORDS      (EDUCATION SCHOOL)
[SCHOOL]
 SET        EDUCATION
[RELIGION]
 TYPE       SPECIFIC
 SET        RELIGION
 WT         2
 WORDS      (RELIGION GOD PRAY)
[GOD]
 SET        RELIGION
[PRAY]
 SET        RELIGION
[SETLIST]
 SETS       (SWEARING FAMILY SEXLIFE GIRL WORK RESIDENCE HOSPITAL HOBBIES
             EDUCATION SERVICE)
[SWEARING]
 IND        @@2410
 STORY      (@@2410)
 WORDS      (SHIT)
[SHIT]
 SET        SWEARING
[FAMILY]
 TYPE       SPECIFIC
 SET        FAMILY
 STORY      (@@0730 @@0732)
 WT         6
 WORDS      (FAMILY DAD)
[DAD]
 SET        FAMILY
[SEXLIFE]
 TYPE       SPECIFIC
 SET        SEXLIFE
 STORY      (@@1690)
 WT         8
 WORDS      (SEXLIFE SEX GIRLS)
[SEX]
 SET        SEXLIFE
[GIRLS]
 SET        SEXLIFE
[GIRL]
 SET        GIRL
 STORY      (@@0660 @@0690)
 WORDS      (GIRL)
[WORK]
 STORY      (@@0460 @@0462 @@0490)
 WORDS      (JOB)
[JOB]
 SET        WORK
[RESIDENCE]
 STORY      (@@2290 @@2330)
 WORDS      (HOME)
[HOME]
 SET        RESIDENCE
[HOSPITAL]
 STORY      (@@0100 @@0210)
 WORDS      (WARD)
[WARD]
 SET        HOSPITAL
[HOBBIES]
 STORY      (@@0760 @@0770)
 WORDS      (HOBBY)
[HOBBY]
 SET        HOBBIES
[EDUCATION]
 TYPE       SPECIFIC
 SET        EDUCATION
 STORY      (@@1540 @@1550)
 WT         4
 WORDS      (EDUCATION SCHOOL)
[SCHOOL]
 SET        EDUCATION
[SERVICE]
 STORY      (@@0500 @@0510)
 WORDS      (ARMY)
[ARMY]
 SET        SERVICE
[RACKETSET]
 STORY      (@@0880)
 NREF       0
 NEXT       MAFIASET
 WT         17
 WORDS      (RACKETEERS CRIME)
[GANGSTERSET]
 TYPE       SPECIFIC
 STORY      (@@0860 @@0860)
 NREF       0
 NEXT       BOOKIESET
 WT         15
 WORDS      (GANGSTERS HOOD)
[PERSONSET]
 STORY      (@@0870 @@0870)
 NREF       0
 NEXT       GANGSTERSET
 WT         12
 WORDS      (ALIOTO MAFIO)
[CHEATSET]
 STORY      (@@0900 @@0900)
 NREF       0
 NEXT       RACKETSET
 INDIR      T
 WT         10
 WORDS      (CHEATING CHEAT)
[BOOKIESET]
 TYPE       SPECIFIC
 STORY      (@@0920 @@0930)
 NREF       0
 NEXT       RACKETSET
 WT         9
 WORDS      (BOOKIES CROOK)
[GAMBLERSET]
 TYPE       SPECIFIC
 STORY      (@@0940 @@0940)
 NREF       0
 NEXT       HORSERACINGSET
 WT         7
 WORDS      (GAMBLING BET)
[MONEYSET]
 STORY      (@@0960 @@0960)
 NREF       0
 NEXT       GAMBLERSET
 INDIR      T
 WT         6
 WORDS      (MONEY)
[HORSERACINGSET]
 TYPE       SPECIFIC
 STORY      (@@0970 @@0972)
 NREF       0
 NEXT       BOOKIESET
 WT         5
 WORDS      (HORSERACING RACES)
[POLICESET]
 TYPE       INSTITUTION
 STORY      (@@0980 @@0980)
 NREF       0
 NEXT       GANGSTERSET
 WT         4
 WORDS      (POLICE FUZZ)
[ITALIANSET]
 TYPE       SPECIFIC
 STORY      (@@0990 @@0990)
 NREF       0
 NEXT       GANGSTERSET
 WT         3
 WORDS      (ITALIANS ITALY)
[HORSESET]
 TYPE       SPECIFIC
 STORY      (@@1000 @@1000)
 NREF       0
 NEXT       HORSERACINGSET
 WT         1
 WORDS      (HORSES HORSE)
[MAFIASET]
 IND        @@2671
 TYPE       INSTITUTION
 STORY      (@@1010)
 NEXT       MAFIASET
 WORDS      (MAFIA)
[RACKETSET]
 STORY      (@@0880)
 NREF       0
 NEXT       MAFIASET
 WT         17
 WORDS      (RACKETEERS CRIME)
[GANGSTERSET]
 TYPE       SPECIFIC
 STORY      (@@0860 @@0860)
 NREF       0
 NEXT       BOOKIESET
 WT         15
 WORDS      (GANGSTERS HOOD)
[PERSONSET]
 STORY      (@@0870 @@0870)
 NREF       0
 NEXT       GANGSTERSET
 WT         12
 WORDS      (ALIOTO MAFIO)
[CHEATSET]
 STORY      (@@0900 @@0900)
 NREF       0
 NEXT       RACKETSET
 INDIR      T
 WT         10
 WORDS      (CHEATING CHEAT)
[BOOKIESET]
 TYPE       SPECIFIC
 STORY      (@@0920 @@0930)
 NREF       0
 NEXT       RACKETSET
 WT         9
 WORDS      (BOOKIES CROOK)
[GAMBLERSET]
 TYPE       SPECIFIC
 STORY      (@@0940 @@0940)
 NREF       0
 NEXT       HORSERACINGSET
 WT         7
 WORDS      (GAMBLING BET)
[MONEYSET]
 STORY      (@@0960 @@0960)
 NREF       0
 NEXT       GAMBLERSET
 INDIR      T
 WT         6
 WORDS      (MONEY)
[HORSERACINGSET]
 TYPE       SPECIFIC
 STORY      (@@0970 @@0972)
 NREF       0
 NEXT       BOOKIESET
 WT         5
 WORDS      (HORSERACING RACES)
[POLICESET]
 TYPE       INSTITUTION
 STORY      (@@0980 @@0980)
 NREF       0
 NEXT       GANGSTERSET
 WT         4
 WORDS      (POLICE FUZZ)
[ITALIANSET]
 TYPE       SPECIFIC
 STORY      (@@0990 @@0990)
 NREF       0
 NEXT       GANGSTERSET
 WT         3
 WORDS      (ITALIANS ITALY)
[HORSESET]
 TYPE       SPECIFIC
 STORY      (@@1000 @@1000)
 NREF       0
 NEXT       HORSERACINGSET
 WT         1
 WORDS      (HORSES HORSE)
[DELNSET]
 STORY      (@@1010 @@1020 @@1050 @@1080 @@1100 @@1110 @@1010 @@1020 @@1050
             @@1080 @@1100 @@1110)
[FAMILY]
 TYPE       SPECIFIC
 SET        FAMILY
 STORY      (@@0730 @@0732)
 WT         6
 WORDS      (FAMILY DAD)
[EDUCATION]
 TYPE       SPECIFIC
 SET        EDUCATION
 STORY      (@@1540 @@1550)
 WT         4
 WORDS      (EDUCATION SCHOOL)
[HOSPITAL]
 STORY      (@@0100 @@0210)
 WORDS      (WARD)
[HOBBIES]
 STORY      (@@0760 @@0770)
 WORDS      (HOBBY)
[GIRL]
 SET        GIRL
 STORY      (@@0660 @@0690)
 WORDS      (GIRL)
[SERVICE]
 STORY      (@@0500 @@0510)
 WORDS      (ARMY)
[SEXLIFE]
 TYPE       SPECIFIC
 SET        SEXLIFE
 STORY      (@@1690)
 WT         8
 WORDS      (SEXLIFE SEX GIRLS)
[RESIDENCE]
 STORY      (@@2290 @@2330)
 WORDS      (HOME)
[WORK]
 STORY      (@@0460 @@0462 @@0490)
 WORDS      (JOB)
[SWEARING]
 IND        @@2410
 STORY      (@@2410)
 WORDS      (SHIT)

BELIEF file read, last belief: PEXIT2
INF file read, last inf: IF999
(PERSONSET MONEYSET CHEATSET RACKETSET GOD PRAY SHIT DAD SEX GIRLS GIRL JOB
 HOME WARD HOBBY SCHOOL ARMY RACKETEERS CRIME GANGSTERS HOOD ALIOTO MAFIO
 CHEATING CHEAT BOOKIES CROOK GAMBLING BET MONEY HORSERACING RACES POLICE FUZZ
 ITALIANS ITALY HORSES HORSE MAFIASET POLICESET GANGSTERSET BOOKIESET
 GAMBLERSET HORSERACINGSET ITALIANSET HORSESET LOOKS SEXLIFE FAMILY EDUCATION
 RELIGION MAFIA GUN DEATH KILL BEAT HATE DELWDS) 
(INIT QLIST FLARELIST SETLIST LOOKS RELIGION RACKETSET GANGSTERSET PERSONSET
 CHEATSET BOOKIESET GAMBLERSET MONEYSET HORSERACINGSET POLICESET ITALIANSET
 HORSESET DELNSET FAMILY EDUCATION HOSPITAL HOBBIES GIRL SERVICE SEXLIFE
 RESIDENCE WORK FEAR REASON MANNER @@0010 @@0020 @@0021 @@0030 @@0031 @@0032
 @@0033 @@0034 @@0035 @@0036 @@0037 @@0038 @@0040 HELLO MADEXIT FEAREXIT EXIT
 BYE BYEOFF BYEFEDUP YES NO CORRECT INCORRECT MAYBE DONTUNDERSTAND DONTKNOW
 DONTREMEMBER UPSET REPEAT INTBAD PRAISE DOK KNOWER OPINION SELFFEELING
 DSOCIABLE DHELPFUL DRATIONAL DHOSTILE DABNORMAL DEXCITED DDHELP *DHONEST GOOD
 LEADIN GAMES MISSPELLED GIBBERISH TIRED SWEARING ACCUSE PACCUSE SORRY DISTANCE
 PDISTANCE HOSTILEREPLIES PHOSTILEREPLIES ANGER PANGER PERS PPERS WFEEL CAUTION
 PCAUTION PROBE AVOIDANCE LIE NOMAFIA AFRAID PAFRAID THREATQ PTHREATQ SEEM
 ALIEN FEELER SILENCE CHANGESUBJ MOVEON DEFENSEREPLIES SENSREPLIES GUARD QFEEL
 PANIC SUSPREPLIES NEXTFL MANY MUCH LONG OFTEN WHY ALREADYSAID KNOWNOTHING
 UNKNOWN QREPLIES SREPLIES BELIEVEREPLIES PBELIEVEREPLIES ALOOF PALOOF ALOOF2
 TURNOFF MAFIASET EXHAUST DGOOD DBAD NEGADJ POSADJ SENSITIVELIST SPECCONCEPT
 DISTRUST ANGRY FEARFUL MISTRUSTFUL IYOUME) 
T
* (dribble)
